d:\programming\cpp\windowsformcpp\windowsformcpp\debug\vc142.pdb
d:\programming\cpp\windowsformcpp\windowsformcpp\debug\onechanalcontrol.obj
d:\programming\cpp\windowsformcpp\windowsformcpp\debug\mainform.obj
d:\programming\cpp\windowsformcpp\windowsformcpp\debug\.netframework,version=v4.7.2.assemblyattributes.obj
d:\programming\cpp\windowsformcpp\debug\windowsformscontrollibrary2.dll
d:\programming\cpp\windowsformcpp\debug\windowsformscontrollibrary3.dll
d:\programming\cpp\windowsformcpp\debug\livecharts.dll
d:\programming\cpp\windowsformcpp\debug\livecharts.winforms.dll
d:\programming\cpp\windowsformcpp\debug\livecharts.wpf.dll
d:\programming\cpp\windowsformcpp\debug\windowsformscontrollibrary2.pdb
d:\programming\cpp\windowsformcpp\debug\windowsformscontrollibrary3.pdb
d:\programming\cpp\windowsformcpp\debug\livecharts.pdb
d:\programming\cpp\windowsformcpp\debug\livecharts.xml
d:\programming\cpp\windowsformcpp\debug\livecharts.winforms.pdb
d:\programming\cpp\windowsformcpp\debug\livecharts.winforms.xml
d:\programming\cpp\windowsformcpp\debug\livecharts.wpf.pdb
d:\programming\cpp\windowsformcpp\debug\livecharts.wpf.xml
d:\programming\cpp\windowsformcpp\debug\windowsformcpp.exe
d:\programming\cpp\windowsformcpp\debug\windowsformcpp.pdb
d:\programming\cpp\windowsformcpp\windowsformcpp\debug\windowsformcpp.tlog\metagen.write.1.tlog
d:\programming\cpp\windowsformcpp\windowsformcpp\debug\windowsformcpp.mainform.resources
d:\programming\cpp\windowsformcpp\windowsformcpp\debug\windowsformcpp.onechanalcontrol.resources
d:\osciloscope_program\osci-oscope_program\windowsformcpp\windowsformcpp\debug\windowsformcpp.vcxproj.assemblyreference.cache
d:\osciloscope_program\osci-oscope_program\windowsformcpp\windowsformcpp\debug\windowsformcpp.vcxproj.generateresource.cache
d:\osciloscope_program\osci-oscope_program\windowsformcpp\windowsformcpp\debug\windowsformcpp.mainform.resources
d:\osciloscope_program\osci-oscope_program\windowsformcpp\windowsformcpp\debug\windowsformcpp.onechanalcontrol.resources
d:\osciloscope_program\osci-oscope_program\windowsformcpp\windowsformcpp\debug\vc142.pdb
d:\osciloscope_program\osci-oscope_program\windowsformcpp\debug\windowsformcpp.pdb
d:\osciloscope_program\osci-oscope_program\windowsformcpp\windowsformcpp\debug\windowsformcpp.tlog\cl.command.1.tlog
d:\osciloscope_program\osci-oscope_program\windowsformcpp\windowsformcpp\debug\windowsformcpp.tlog\cl.read.1.tlog
d:\osciloscope_program\osci-oscope_program\windowsformcpp\windowsformcpp\debug\windowsformcpp.tlog\cl.write.1.tlog
d:\osciloscope_program\osci-oscope_program\windowsformcpp\windowsformcpp\debug\windowsformcpp.tlog\copylocal.read.1u.tlog
d:\osciloscope_program\osci-oscope_program\windowsformcpp\windowsformcpp\debug\windowsformcpp.tlog\copylocal.write.1u.tlog
d:\osciloscope_program\osci-oscope_program\windowsformcpp\windowsformcpp\debug\windowsformcpp.tlog\link.command.1.tlog
d:\osciloscope_program\osci-oscope_program\windowsformcpp\windowsformcpp\debug\windowsformcpp.tlog\link.read.1.tlog
d:\osciloscope_program\osci-oscope_program\windowsformcpp\windowsformcpp\debug\windowsformcpp.tlog\link.write.1.tlog
d:\osciloscope_program\osci-oscope_program\windowsformcpp\windowsformcpp\debug\windowsformcpp.tlog\metagen.read.1.tlog
d:\osciloscope_program\osci-oscope_program\windowsformcpp\windowsformcpp\debug\windowsformcpp.tlog\metagen.write.1.tlog
d:\osciloscope_program\osci-oscope_program\windowsformcpp\windowsformcpp\debug\windowsformcpp.tlog\windowsformcpp.write.1u.tlog
d:\osciloscope_program\osci-oscope_program\windowsformcpp\windowsformcpp\debug\windowsformcpp.tlog\windowsformscontrollibrary2.dll.metagen
d:\osciloscope_program\osci-oscope_program\windowsformcpp\windowsformcpp\debug\windowsformcpp.tlog\windowsformscontrollibrary3.dll.metagen
